d:\听力材料\caifengjy\caifengjy\debug\caifengjy.pch
d:\听力材料\caifengjy\caifengjy\debug\vc120.pdb
d:\听力材料\caifengjy\caifengjy\debug\vc120.idb
d:\听力材料\caifengjy\caifengjy\debug\stdafx.obj
d:\听力材料\caifengjy\caifengjy\debug\caifengjy.obj
d:\听力材料\caifengjy\caifengjy\debug\caifengjydlg.obj
d:\听力材料\caifengjy\caifengjy\debug\datamgr.obj
d:\听力材料\caifengjy\debug\caifengjy.ilk
d:\听力材料\caifengjy\debug\caifengjy.exe
d:\听力材料\caifengjy\debug\caifengjy.pdb
d:\听力材料\caifengjy\caifengjy\debug\caifengjy.res
d:\听力材料\caifengjy\caifengjy\debug\caifengjy.tlog\cl.command.1.tlog
d:\听力材料\caifengjy\caifengjy\debug\caifengjy.tlog\cl.read.1.tlog
d:\听力材料\caifengjy\caifengjy\debug\caifengjy.tlog\cl.write.1.tlog
d:\听力材料\caifengjy\caifengjy\debug\caifengjy.tlog\link.command.1.tlog
d:\听力材料\caifengjy\caifengjy\debug\caifengjy.tlog\link.read.1.tlog
d:\听力材料\caifengjy\caifengjy\debug\caifengjy.tlog\link.write.1.tlog
d:\听力材料\caifengjy\caifengjy\debug\caifengjy.tlog\rc.command.1.tlog
d:\听力材料\caifengjy\caifengjy\debug\caifengjy.tlog\rc.read.1.tlog
d:\听力材料\caifengjy\caifengjy\debug\caifengjy.tlog\rc.write.1.tlog
